h:\głąb sylwester\zajecia 1\debug\vc140.pdb
h:\głąb sylwester\zajecia 1\debug\vc140.idb
h:\głąb sylwester\zajecia 1\debug\source.obj
h:\głąb sylwester\zajecia 1\debug\pierwszy.obj
h:\głąb sylwester\zajecia 1\debug\silnia.obj
h:\głąb sylwester\zajecia 1\debug\zajecia 1.pdb
h:\głąb sylwester\zajecia 1\debug\zajecia 1.tlog\cl.command.1.tlog
h:\głąb sylwester\zajecia 1\debug\zajecia 1.tlog\cl.read.1.tlog
h:\głąb sylwester\zajecia 1\debug\zajecia 1.tlog\cl.write.1.tlog
h:\głąb sylwester\zajecia 1\debug\zajecia 1.tlog\link-cvtres.read.1.tlog
h:\głąb sylwester\zajecia 1\debug\zajecia 1.tlog\link-cvtres.write.1.tlog
h:\głąb sylwester\zajecia 1\debug\zajecia 1.tlog\link-rc.read.1.tlog
h:\głąb sylwester\zajecia 1\debug\zajecia 1.tlog\link-rc.write.1.tlog
h:\głąb sylwester\zajecia 1\debug\zajecia 1.tlog\link.4632-cvtres.read.1.tlog
h:\głąb sylwester\zajecia 1\debug\zajecia 1.tlog\link.4632-cvtres.write.1.tlog
h:\głąb sylwester\zajecia 1\debug\zajecia 1.tlog\link.4632-rc.read.1.tlog
h:\głąb sylwester\zajecia 1\debug\zajecia 1.tlog\link.4632-rc.write.1.tlog
h:\głąb sylwester\zajecia 1\debug\zajecia 1.tlog\link.4632.read.1.tlog
h:\głąb sylwester\zajecia 1\debug\zajecia 1.tlog\link.4632.write.1.tlog
h:\głąb sylwester\zajecia 1\debug\zajecia 1.tlog\link.command.1.tlog
h:\głąb sylwester\zajecia 1\debug\zajecia 1.tlog\link.read.1.tlog
h:\głąb sylwester\zajecia 1\debug\zajecia 1.tlog\link.write.1.tlog
